<?xml version="1.0" encoding="UTF-8"?>
<robot generator="Robot 6.1 (Python 3.11.4 on win32)" generated="20230808 15:49:25.679" rpa="false" schemaversion="4">
<suite id="s1" name="Test API Concursos" source="C:\Users\jorge\OneDrive\Área de Trabalho\automation_training\api-rest-concursos-test-robot\Test_API_Concursos.robot">
<kw name="Conectar a minha API" library="API_Concursos" type="SETUP">
<kw name="Create Session" library="RequestsLibrary">
<arg>APIConcursos</arg>
<arg>${URL_API}</arg>
<doc>Create Session: create a HTTP session to a server</doc>
<msg timestamp="20230808 15:49:25.944" level="INFO">Creating Session using : alias=APIConcursos, url=http://localhost:8095/api-cnc, headers={},                     cookies={}, auth=None, timeout=None, proxies=None, verify=False,                     debug=0 </msg>
<status status="PASS" starttime="20230808 15:49:25.943" endtime="20230808 15:49:25.944"/>
</kw>
<status status="PASS" starttime="20230808 15:49:25.943" endtime="20230808 15:49:25.944"/>
</kw>
<test id="s1-t1" name="Cenário: Cadastrar uma Banca (POST)" line="16">
<kw name="Cadastrar uma banca" library="API_Concursos">
<kw name="Create Dictionary" library="BuiltIn">
<var>${HEADERS}</var>
<arg>content-type=application/json</arg>
<doc>Creates and returns a dictionary based on the given ``items``.</doc>
<msg timestamp="20230808 15:49:25.944" level="INFO">${HEADERS} = {'content-type': 'application/json'}</msg>
<status status="PASS" starttime="20230808 15:49:25.944" endtime="20230808 15:49:25.944"/>
</kw>
<kw name="POST On Session" library="RequestsLibrary">
<var>${RESPOSTA_POST}</var>
<arg>APIConcursos</arg>
<arg>/banca</arg>
<arg>data= {"nome": "Instituto Brasileiro", "endereco": "Brasilia", "apelido": "IBRAE@@@@@@", "telefoneFixo": "61988888888", "data": "2023-08-01", "ativo": true}</arg>
<arg>headers=${HEADERS}</arg>
<doc>Sends a POST request on a previously created HTTP Session.</doc>
<msg timestamp="20230808 15:49:25.982" level="INFO">POST Request : url=http://localhost:8095/api-cnc/banca 
 path_url=/api-cnc/banca 
 headers={'User-Agent': 'python-requests/2.31.0', 'Accept-Encoding': 'gzip, deflate', 'Accept': '*/*', 'Connection': 'keep-alive', 'content-type': 'application/json', 'Content-Length': '151'} 
 body= {"nome": "Instituto Brasileiro", "endereco": "Brasilia", "apelido": "IBRAE@@@@@@", "telefoneFixo": "61988888888", "data": "2023-08-01", "ativo": true} 
 </msg>
<msg timestamp="20230808 15:49:25.984" level="INFO">POST Response : url=http://localhost:8095/api-cnc/banca 
 status=201, reason= 
 headers={'Location': 'http://localhost:8095/api-cnc/banca/', 'Content-Type': 'application/json;charset=UTF-8', 'Transfer-Encoding': 'chunked', 'Date': 'Tue, 08 Aug 2023 18:49:25 GMT'} 
 body={"data":{"id":255,"nome":"Instituto Brasileiro","apelido":"IBRAE@@@@@@","telefoneFixo":"61988888888","endereco":"Brasilia","ativo":true,"data":"2023-08-01"},"errors":[]} 
 </msg>
<msg timestamp="20230808 15:49:25.984" level="INFO">${RESPOSTA_POST} = &lt;Response [201]&gt;</msg>
<status status="PASS" starttime="20230808 15:49:25.944" endtime="20230808 15:49:25.984"/>
</kw>
<kw name="Log" library="BuiltIn">
<arg>${RESPOSTA_POST.json()}</arg>
<doc>Logs the given message with the given level.</doc>
<msg timestamp="20230808 15:49:25.984" level="INFO">{'data': {'id': 255, 'nome': 'Instituto Brasileiro', 'apelido': 'IBRAE@@@@@@', 'telefoneFixo': '61988888888', 'endereco': 'Brasilia', 'ativo': True, 'data': '2023-08-01'}, 'errors': []}</msg>
<status status="PASS" starttime="20230808 15:49:25.984" endtime="20230808 15:49:25.984"/>
</kw>
<kw name="Set Test Variable" library="BuiltIn">
<arg>${RESPOSTA_POST}</arg>
<doc>Makes a variable available everywhere within the scope of the current test.</doc>
<msg timestamp="20230808 15:49:25.984" level="INFO">${RESPOSTA_POST} = &lt;Response [201]&gt;</msg>
<status status="PASS" starttime="20230808 15:49:25.984" endtime="20230808 15:49:25.984"/>
</kw>
<kw name="Set Variable" library="BuiltIn">
<var>${ID_BNC}</var>
<arg>${RESPOSTA_POST.json()["data"]["id"]}</arg>
<doc>Returns the given values which can then be assigned to a variables.</doc>
<msg timestamp="20230808 15:49:25.984" level="INFO">${ID_BNC} = 255</msg>
<status status="PASS" starttime="20230808 15:49:25.984" endtime="20230808 15:49:25.984"/>
</kw>
<kw name="Log" library="BuiltIn">
<arg>${ID_BNC}</arg>
<doc>Logs the given message with the given level.</doc>
<msg timestamp="20230808 15:49:25.988" level="INFO">255</msg>
<status status="PASS" starttime="20230808 15:49:25.984" endtime="20230808 15:49:25.988"/>
</kw>
<kw name="Set Global Variable" library="BuiltIn">
<arg>${ID_BNC}</arg>
<doc>Makes a variable available globally in all tests and suites.</doc>
<msg timestamp="20230808 15:49:25.988" level="INFO">${ID_BNC} = 255</msg>
<status status="PASS" starttime="20230808 15:49:25.988" endtime="20230808 15:49:25.988"/>
</kw>
<status status="PASS" starttime="20230808 15:49:25.944" endtime="20230808 15:49:25.988"/>
</kw>
<kw name="Conferir mensagem POST &quot;Instituto Brasileiro&quot;" library="API_Concursos" sourcename="Conferir mensagem POST &quot;${MENSAGEM}&quot;">
<kw name="Should Be Equal As Strings" library="BuiltIn">
<arg>${RESPOSTA_POST.json()["data"]["nome"]}</arg>
<arg>${MENSAGEM}</arg>
<doc>Fails if objects are unequal after converting them to strings.</doc>
<status status="PASS" starttime="20230808 15:49:25.989" endtime="20230808 15:49:25.989"/>
</kw>
<kw name="Log" library="BuiltIn">
<arg>${RESPOSTA_POST.json()["data"]["nome"]}</arg>
<doc>Logs the given message with the given level.</doc>
<msg timestamp="20230808 15:49:25.991" level="INFO">Instituto Brasileiro</msg>
<status status="PASS" starttime="20230808 15:49:25.989" endtime="20230808 15:49:25.991"/>
</kw>
<status status="PASS" starttime="20230808 15:49:25.989" endtime="20230808 15:49:25.991"/>
</kw>
<kw name="Conferir se retorna todos os dados cadastrados para a nova banca" library="API_Concursos">
<kw name="To Json" library="RequestsLibrary">
<var>${RESPOSTA_POST.json()}</var>
<arg>${BANCA_ESPERADA}</arg>
<doc>*DEPRECATED* Please use ${resp.json()} instead. Have a look at the improved HTML output as pretty printing replacement.</doc>
<msg timestamp="20230808 15:49:25.992" level="WARN">Keyword 'RequestsLibrary.To Json' is deprecated. Please use ${resp.json()} instead. Have a look at the improved HTML output as pretty printing replacement.</msg>
<msg timestamp="20230808 15:49:25.992" level="INFO">To JSON using : content={"id":2,"nome":"Instituto Brasileiro","apelido":"IBRAE@@@@@@","telefoneFixo":"61988888888","endereco":"Brasília","ativo":true,"data":"2020-02-21"} </msg>
<msg timestamp="20230808 15:49:25.992" level="INFO">To JSON using : pretty_print=False </msg>
<msg timestamp="20230808 15:49:25.995" level="INFO">${RESPOSTA_POST.json()} = {'id': 2, 'nome': 'Instituto Brasileiro', 'apelido': 'IBRAE@@@@@@', 'telefoneFixo': '61988888888', 'endereco': 'Brasília', 'ativo': True, 'data': '2020-02-21'}</msg>
<status status="PASS" starttime="20230808 15:49:25.992" endtime="20230808 15:49:25.995"/>
</kw>
<status status="PASS" starttime="20230808 15:49:25.991" endtime="20230808 15:49:25.995"/>
</kw>
<kw name="Conferir status code POST" library="API_Concursos">
<arg>201</arg>
<kw name="Should Be Equal As Strings" library="BuiltIn">
<arg>${RESPOSTA_POST.status_code}</arg>
<arg>${STATUSCODE_DESEJADO}</arg>
<doc>Fails if objects are unequal after converting them to strings.</doc>
<msg timestamp="20230808 15:49:25.996" level="INFO">Argument types are:
&lt;class 'int'&gt;
&lt;class 'str'&gt;</msg>
<status status="PASS" starttime="20230808 15:49:25.996" endtime="20230808 15:49:25.996"/>
</kw>
<kw name="Log" library="BuiltIn">
<arg>${RESPOSTA_POST.status_code}</arg>
<doc>Logs the given message with the given level.</doc>
<msg timestamp="20230808 15:49:25.997" level="INFO">201</msg>
<status status="PASS" starttime="20230808 15:49:25.997" endtime="20230808 15:49:25.997"/>
</kw>
<status status="PASS" starttime="20230808 15:49:25.995" endtime="20230808 15:49:25.997"/>
</kw>
<tag>post</tag>
<status status="PASS" starttime="20230808 15:49:25.944" endtime="20230808 15:49:25.997"/>
</test>
<test id="s1-t2" name="Cenário: Consultar uma Banca (GET)" line="23">
<kw name="Buscar uma banca" library="API_Concursos">
<kw name="Create Dictionary" library="BuiltIn">
<var>${HEADERS}</var>
<arg>content-type=application/json</arg>
<doc>Creates and returns a dictionary based on the given ``items``.</doc>
<msg timestamp="20230808 15:49:26.000" level="INFO">${HEADERS} = {'content-type': 'application/json'}</msg>
<status status="PASS" starttime="20230808 15:49:26.000" endtime="20230808 15:49:26.000"/>
</kw>
<kw name="GET On Session" library="RequestsLibrary">
<var>${RESPOSTA_GET}</var>
<arg>APIConcursos</arg>
<arg>/banca/${ID_BNC}</arg>
<arg>headers=${HEADERS}</arg>
<doc>Sends a GET request on a previously created HTTP Session.</doc>
<msg timestamp="20230808 15:49:26.025" level="INFO">GET Request : url=http://localhost:8095/api-cnc/banca/255 
 path_url=/api-cnc/banca/255 
 headers={'User-Agent': 'python-requests/2.31.0', 'Accept-Encoding': 'gzip, deflate', 'Accept': '*/*', 'Connection': 'keep-alive', 'content-type': 'application/json'} 
 body=None 
 </msg>
<msg timestamp="20230808 15:49:26.025" level="INFO">GET Response : url=http://localhost:8095/api-cnc/banca/255 
 status=200, reason= 
 headers={'Content-Type': 'application/json;charset=UTF-8', 'Transfer-Encoding': 'chunked', 'Date': 'Tue, 08 Aug 2023 18:49:25 GMT'} 
 body={"id":255,"nome":"Instituto Brasileiro","apelido":"IBRAE@@@@@@","telefoneFixo":"61988888888","endereco":"Brasilia","ativo":true,"data":"2023-07-31"} 
 </msg>
<msg timestamp="20230808 15:49:26.025" level="INFO">${RESPOSTA_GET} = &lt;Response [200]&gt;</msg>
<status status="PASS" starttime="20230808 15:49:26.000" endtime="20230808 15:49:26.025"/>
</kw>
<kw name="Log" library="BuiltIn">
<arg>${RESPOSTA_GET.json()}</arg>
<doc>Logs the given message with the given level.</doc>
<msg timestamp="20230808 15:49:26.025" level="INFO">{'id': 255, 'nome': 'Instituto Brasileiro', 'apelido': 'IBRAE@@@@@@', 'telefoneFixo': '61988888888', 'endereco': 'Brasilia', 'ativo': True, 'data': '2023-07-31'}</msg>
<status status="PASS" starttime="20230808 15:49:26.025" endtime="20230808 15:49:26.025"/>
</kw>
<kw name="Set Test Variable" library="BuiltIn">
<arg>${RESPOSTA_GET}</arg>
<doc>Makes a variable available everywhere within the scope of the current test.</doc>
<msg timestamp="20230808 15:49:26.025" level="INFO">${RESPOSTA_GET} = &lt;Response [200]&gt;</msg>
<status status="PASS" starttime="20230808 15:49:26.025" endtime="20230808 15:49:26.025"/>
</kw>
<status status="PASS" starttime="20230808 15:49:26.000" endtime="20230808 15:49:26.025"/>
</kw>
<kw name="Conferir mensagem GET" library="API_Concursos">
<arg>Instituto Brasileiro</arg>
<kw name="Should Be Equal As Strings" library="BuiltIn">
<arg>${RESPOSTA_GET.json()["nome"]}</arg>
<arg>${MENSAGEM}</arg>
<doc>Fails if objects are unequal after converting them to strings.</doc>
<status status="PASS" starttime="20230808 15:49:26.025" endtime="20230808 15:49:26.034"/>
</kw>
<kw name="Log" library="BuiltIn">
<arg>${RESPOSTA_GET.json()["id"]}</arg>
<doc>Logs the given message with the given level.</doc>
<msg timestamp="20230808 15:49:26.035" level="INFO">255</msg>
<status status="PASS" starttime="20230808 15:49:26.034" endtime="20230808 15:49:26.035"/>
</kw>
<kw name="Log" library="BuiltIn">
<arg>${RESPOSTA_GET.json()["nome"]}</arg>
<doc>Logs the given message with the given level.</doc>
<msg timestamp="20230808 15:49:26.035" level="INFO">Instituto Brasileiro</msg>
<status status="PASS" starttime="20230808 15:49:26.035" endtime="20230808 15:49:26.035"/>
</kw>
<status status="PASS" starttime="20230808 15:49:26.025" endtime="20230808 15:49:26.035"/>
</kw>
<kw name="Conferir status code GET" library="API_Concursos">
<arg>200</arg>
<kw name="Should Be Equal As Strings" library="BuiltIn">
<arg>${RESPOSTA_GET.status_code}</arg>
<arg>${STATUSCODE_DESEJADO}</arg>
<doc>Fails if objects are unequal after converting them to strings.</doc>
<msg timestamp="20230808 15:49:26.035" level="INFO">Argument types are:
&lt;class 'int'&gt;
&lt;class 'str'&gt;</msg>
<status status="PASS" starttime="20230808 15:49:26.035" endtime="20230808 15:49:26.041"/>
</kw>
<kw name="Log" library="BuiltIn">
<arg>${RESPOSTA_GET.status_code}</arg>
<doc>Logs the given message with the given level.</doc>
<msg timestamp="20230808 15:49:26.041" level="INFO">200</msg>
<status status="PASS" starttime="20230808 15:49:26.041" endtime="20230808 15:49:26.041"/>
</kw>
<status status="PASS" starttime="20230808 15:49:26.035" endtime="20230808 15:49:26.041"/>
</kw>
<tag>get</tag>
<status status="PASS" starttime="20230808 15:49:26.000" endtime="20230808 15:49:26.041"/>
</test>
<test id="s1-t3" name="Cenário: Alterar uma Banca (PUT)" line="29">
<kw name="Alterar uma banca" library="API_Concursos">
<kw name="Create Dictionary" library="BuiltIn">
<var>${HEADERS}</var>
<arg>content-type=application/json</arg>
<doc>Creates and returns a dictionary based on the given ``items``.</doc>
<msg timestamp="20230808 15:49:26.050" level="INFO">${HEADERS} = {'content-type': 'application/json'}</msg>
<status status="PASS" starttime="20230808 15:49:26.049" endtime="20230808 15:49:26.050"/>
</kw>
<kw name="Put Request" library="RequestsLibrary">
<var>${RESPOSTA_PUT}</var>
<arg>APIConcursos</arg>
<arg>uri=banca/${ID_BNC}</arg>
<arg>data= {"nome": "Instituto Brasileiro", "endereco": "Brasilia", "apelido": "IBRAE", "telefoneFixo": "61988888888", "data": "2023-08-01", "ativo": false}</arg>
<arg>headers=${HEADERS}</arg>
<doc>*DEPRECATED* Please use `PUT On Session` instead.</doc>
<msg timestamp="20230808 15:49:26.050" level="WARN">Keyword 'RequestsLibrary.Put Request' is deprecated. Please use `PUT On Session` instead.</msg>
<msg timestamp="20230808 15:49:26.078" level="INFO">PUT Request : url=http://localhost:8095/api-cnc/banca/255 
 path_url=/api-cnc/banca/255 
 headers={'User-Agent': 'python-requests/2.31.0', 'Accept-Encoding': 'gzip, deflate', 'Accept': '*/*', 'Connection': 'keep-alive', 'content-type': 'application/json', 'Content-Length': '146'} 
 body=b' {"nome": "Instituto Brasileiro", "endereco": "Brasilia", "apelido": "IBRAE", "telefoneFixo": "61988888888", "data": "2023-08-01", "ativo": false}' 
 </msg>
<msg timestamp="20230808 15:49:26.078" level="INFO">PUT Response : url=http://localhost:8095/api-cnc/banca/255 
 status=200, reason= 
 headers={'Content-Type': 'application/json;charset=UTF-8', 'Transfer-Encoding': 'chunked', 'Date': 'Tue, 08 Aug 2023 18:49:25 GMT'} 
 body={"id":255,"nome":"Instituto Brasileiro","apelido":"IBRAE","telefoneFixo":"61988888888","endereco":"Brasilia","ativo":false,"data":"2023-08-01"} 
 </msg>
<msg timestamp="20230808 15:49:26.078" level="INFO">${RESPOSTA_PUT} = &lt;Response [200]&gt;</msg>
<status status="PASS" starttime="20230808 15:49:26.050" endtime="20230808 15:49:26.078"/>
</kw>
<kw name="Log" library="BuiltIn">
<arg>${RESPOSTA_PUT.json()}</arg>
<doc>Logs the given message with the given level.</doc>
<msg timestamp="20230808 15:49:26.078" level="INFO">{'id': 255, 'nome': 'Instituto Brasileiro', 'apelido': 'IBRAE', 'telefoneFixo': '61988888888', 'endereco': 'Brasilia', 'ativo': False, 'data': '2023-08-01'}</msg>
<status status="PASS" starttime="20230808 15:49:26.078" endtime="20230808 15:49:26.082"/>
</kw>
<kw name="Set Test Variable" library="BuiltIn">
<arg>${RESPOSTA_PUT}</arg>
<doc>Makes a variable available everywhere within the scope of the current test.</doc>
<msg timestamp="20230808 15:49:26.082" level="INFO">${RESPOSTA_PUT} = &lt;Response [200]&gt;</msg>
<status status="PASS" starttime="20230808 15:49:26.082" endtime="20230808 15:49:26.082"/>
</kw>
<status status="PASS" starttime="20230808 15:49:26.041" endtime="20230808 15:49:26.082"/>
</kw>
<kw name="Conferir mensagem PUT &quot;IBRAE&quot;" library="API_Concursos" sourcename="Conferir mensagem PUT &quot;${MENSAGEM}&quot;">
<kw name="Should Be Equal As Strings" library="BuiltIn">
<arg>${RESPOSTA_PUT.json()["apelido"]}</arg>
<arg>${MENSAGEM}</arg>
<doc>Fails if objects are unequal after converting them to strings.</doc>
<status status="PASS" starttime="20230808 15:49:26.084" endtime="20230808 15:49:26.084"/>
</kw>
<kw name="Log" library="BuiltIn">
<arg>${RESPOSTA_PUT.json()["apelido"]}</arg>
<doc>Logs the given message with the given level.</doc>
<msg timestamp="20230808 15:49:26.084" level="INFO">IBRAE</msg>
<status status="PASS" starttime="20230808 15:49:26.084" endtime="20230808 15:49:26.084"/>
</kw>
<status status="PASS" starttime="20230808 15:49:26.082" endtime="20230808 15:49:26.084"/>
</kw>
<kw name="Conferir status code PUT" library="API_Concursos">
<arg>200</arg>
<kw name="Should Be Equal As Strings" library="BuiltIn">
<arg>${RESPOSTA_PUT.status_code}</arg>
<arg>${STATUSCODE_DESEJADO}</arg>
<doc>Fails if objects are unequal after converting them to strings.</doc>
<msg timestamp="20230808 15:49:26.088" level="INFO">Argument types are:
&lt;class 'int'&gt;
&lt;class 'str'&gt;</msg>
<status status="PASS" starttime="20230808 15:49:26.084" endtime="20230808 15:49:26.088"/>
</kw>
<kw name="Log" library="BuiltIn">
<arg>${RESPOSTA_PUT.status_code}</arg>
<doc>Logs the given message with the given level.</doc>
<msg timestamp="20230808 15:49:26.088" level="INFO">200</msg>
<status status="PASS" starttime="20230808 15:49:26.088" endtime="20230808 15:49:26.088"/>
</kw>
<status status="PASS" starttime="20230808 15:49:26.084" endtime="20230808 15:49:26.088"/>
</kw>
<tag>put</tag>
<status status="PASS" starttime="20230808 15:49:26.041" endtime="20230808 15:49:26.088"/>
</test>
<test id="s1-t4" name="Cenário: Deletar uma Banca (DELETE)" line="35">
<kw name="Deletar uma banca" library="API_Concursos">
<kw name="Create Dictionary" library="BuiltIn">
<var>${HEADERS}</var>
<arg>content-type=application/json</arg>
<doc>Creates and returns a dictionary based on the given ``items``.</doc>
<msg timestamp="20230808 15:49:26.092" level="INFO">${HEADERS} = {'content-type': 'application/json'}</msg>
<status status="PASS" starttime="20230808 15:49:26.092" endtime="20230808 15:49:26.092"/>
</kw>
<kw name="Delete Request" library="RequestsLibrary">
<var>${RESPOSTA_DELETE}</var>
<arg>APIConcursos</arg>
<arg>uri=banca/${ID_BNC}</arg>
<arg>headers=${HEADERS}</arg>
<doc>*DEPRECATED* Please use `DELETE On Session` instead.</doc>
<msg timestamp="20230808 15:49:26.092" level="WARN">Keyword 'RequestsLibrary.Delete Request' is deprecated. Please use `DELETE On Session` instead.</msg>
<msg timestamp="20230808 15:49:26.111" level="INFO">DELETE Request : url=http://localhost:8095/api-cnc/banca/255 
 path_url=/api-cnc/banca/255 
 headers={'User-Agent': 'python-requests/2.31.0', 'Accept-Encoding': 'gzip, deflate', 'Accept': '*/*', 'Connection': 'keep-alive', 'content-type': 'application/json', 'Content-Length': '0'} 
 body=None 
 </msg>
<msg timestamp="20230808 15:49:26.111" level="INFO">DELETE Response : url=http://localhost:8095/api-cnc/banca/255 
 status=200, reason= 
 headers={'Content-Type': 'application/json;charset=UTF-8', 'Transfer-Encoding': 'chunked', 'Date': 'Tue, 08 Aug 2023 18:49:25 GMT'} 
 body={"deleted":true} 
 </msg>
<msg timestamp="20230808 15:49:26.111" level="INFO">${RESPOSTA_DELETE} = &lt;Response [200]&gt;</msg>
<status status="PASS" starttime="20230808 15:49:26.092" endtime="20230808 15:49:26.111"/>
</kw>
<kw name="Log" library="BuiltIn">
<arg>${RESPOSTA_DELETE.json()}</arg>
<doc>Logs the given message with the given level.</doc>
<msg timestamp="20230808 15:49:26.111" level="INFO">{'deleted': True}</msg>
<status status="PASS" starttime="20230808 15:49:26.111" endtime="20230808 15:49:26.111"/>
</kw>
<kw name="Set Test Variable" library="BuiltIn">
<arg>${RESPOSTA_DELETE}</arg>
<doc>Makes a variable available everywhere within the scope of the current test.</doc>
<msg timestamp="20230808 15:49:26.111" level="INFO">${RESPOSTA_DELETE} = &lt;Response [200]&gt;</msg>
<status status="PASS" starttime="20230808 15:49:26.111" endtime="20230808 15:49:26.111"/>
</kw>
<status status="PASS" starttime="20230808 15:49:26.092" endtime="20230808 15:49:26.111"/>
</kw>
<kw name="Conferir mensagem DELETE &quot;{'deleted': True}&quot;" library="API_Concursos" sourcename="Conferir mensagem DELETE &quot;${MENSAGEM}&quot;">
<kw name="Should Be Equal As Strings" library="BuiltIn">
<arg>${RESPOSTA_DELETE.json()}</arg>
<arg>${MENSAGEM}</arg>
<doc>Fails if objects are unequal after converting them to strings.</doc>
<msg timestamp="20230808 15:49:26.115" level="INFO">Argument types are:
&lt;class 'dict'&gt;
&lt;class 'str'&gt;</msg>
<status status="PASS" starttime="20230808 15:49:26.114" endtime="20230808 15:49:26.115"/>
</kw>
<kw name="Log" library="BuiltIn">
<arg>${RESPOSTA_DELETE.json()}</arg>
<doc>Logs the given message with the given level.</doc>
<msg timestamp="20230808 15:49:26.115" level="INFO">{'deleted': True}</msg>
<status status="PASS" starttime="20230808 15:49:26.115" endtime="20230808 15:49:26.115"/>
</kw>
<status status="PASS" starttime="20230808 15:49:26.114" endtime="20230808 15:49:26.115"/>
</kw>
<kw name="Conferir status code DELETE" library="API_Concursos">
<arg>200</arg>
<kw name="Should Be Equal As Strings" library="BuiltIn">
<arg>${RESPOSTA_DELETE.status_code}</arg>
<arg>${STATUSCODE_DESEJADO}</arg>
<doc>Fails if objects are unequal after converting them to strings.</doc>
<msg timestamp="20230808 15:49:26.119" level="INFO">Argument types are:
&lt;class 'int'&gt;
&lt;class 'str'&gt;</msg>
<status status="PASS" starttime="20230808 15:49:26.115" endtime="20230808 15:49:26.119"/>
</kw>
<kw name="Log" library="BuiltIn">
<arg>${RESPOSTA_DELETE.status_code}</arg>
<doc>Logs the given message with the given level.</doc>
<msg timestamp="20230808 15:49:26.119" level="INFO">200</msg>
<status status="PASS" starttime="20230808 15:49:26.119" endtime="20230808 15:49:26.119"/>
</kw>
<status status="PASS" starttime="20230808 15:49:26.115" endtime="20230808 15:49:26.119"/>
</kw>
<tag>delete</tag>
<status status="PASS" starttime="20230808 15:49:26.090" endtime="20230808 15:49:26.119"/>
</test>
<doc>Documentação da API: n/a</doc>
<status status="PASS" starttime="20230808 15:49:25.681" endtime="20230808 15:49:26.119"/>
</suite>
<statistics>
<total>
<stat pass="4" fail="0" skip="0">All Tests</stat>
</total>
<tag>
<stat pass="1" fail="0" skip="0">delete</stat>
<stat pass="1" fail="0" skip="0">get</stat>
<stat pass="1" fail="0" skip="0">post</stat>
<stat pass="1" fail="0" skip="0">put</stat>
</tag>
<suite>
<stat pass="4" fail="0" skip="0" id="s1" name="Test API Concursos">Test API Concursos</stat>
</suite>
</statistics>
<errors>
<msg timestamp="20230808 15:49:25.992" level="WARN">Keyword 'RequestsLibrary.To Json' is deprecated. Please use ${resp.json()} instead. Have a look at the improved HTML output as pretty printing replacement.</msg>
<msg timestamp="20230808 15:49:26.050" level="WARN">Keyword 'RequestsLibrary.Put Request' is deprecated. Please use `PUT On Session` instead.</msg>
<msg timestamp="20230808 15:49:26.092" level="WARN">Keyword 'RequestsLibrary.Delete Request' is deprecated. Please use `DELETE On Session` instead.</msg>
</errors>
</robot>
